<?xml version="1.0" encoding="UTF-8"?>
<!-- Generated by org.testng.reporters.JUnitReportReporter -->
<testsuite hostname="DESKTOP-DO9NL9S" failures="0" tests="3" name="priority.TestNGPriorityDemo" time="0.016" errors="0" timestamp="2020-06-01T21:45:46 IST" skipped="0">
  <testcase classname="priority.TestNGPriorityDemo" name="three" time="0.011"/>
  <system-out/>
  <testcase classname="priority.TestNGPriorityDemo" name="two" time="0.003"/>
  <system-out/>
  <testcase classname="priority.TestNGPriorityDemo" name="one" time="0.002"/>
  <system-out/>
</testsuite> <!-- priority.TestNGPriorityDemo -->
