<?xml version="1.0" encoding="UTF-8"?>
<!-- Generated by org.testng.reporters.JUnitReportReporter -->
<testsuite hostname="DESKTOP-DO9NL9S" failures="0" tests="1" name="test.TestNGParametersDemo" time="0.000" errors="0" timestamp="2020-06-02T22:04:43 IST" skipped="1">
  <testcase classname="test.TestNGParametersDemo" name="test" time="0.000">
    <skipped/>
  </testcase> <!-- test -->
  <system-out/>
</testsuite> <!-- test.TestNGParametersDemo -->
