<?xml version="1.0" encoding="UTF-8"?>
<!-- Generated by org.testng.reporters.JUnitReportReporter -->
<testsuite hostname="DESKTOP-DO9NL9S" failures="0" tests="3" name="TestNGListeners.TestNGListenersDemo2" time="0.008" errors="0" timestamp="2020-06-01T20:51:18 IST" skipped="0">
  <testcase classname="TestNGListeners.TestNGListenersDemo2" name="test5" time="0.002"/>
  <system-out/>
  <testcase classname="TestNGListeners.TestNGListenersDemo2" name="test4" time="0.003"/>
  <system-out/>
  <testcase classname="TestNGListeners.TestNGListenersDemo2" name="test6" time="0.003"/>
  <system-out/>
</testsuite> <!-- TestNGListeners.TestNGListenersDemo2 -->
