<?xml version="1.0" encoding="UTF-8"?>
<!-- Generated by org.testng.reporters.JUnitReportReporter -->
<testsuite hostname="DESKTOP-DO9NL9S" failures="0" tests="8" name="utils.ExcelDataProvider" time="7.933" errors="0" timestamp="2020-06-01T17:02:36 IST" skipped="0">
  <testcase classname="utils.ExcelDataProvider" name="test1" time="0.630"/>
  <system-out/>
  <testcase classname="utils.ExcelDataProvider" name="test1" time="0.753"/>
  <system-out/>
  <testcase classname="utils.ExcelDataProvider" name="test1" time="0.618"/>
  <system-out/>
  <testcase classname="utils.ExcelDataProvider" name="test1" time="3.212"/>
  <system-out/>
  <testcase classname="utils.ExcelDataProvider" name="test1" time="0.697"/>
  <system-out/>
  <testcase classname="utils.ExcelDataProvider" name="test1" time="0.659"/>
  <system-out/>
  <testcase classname="utils.ExcelDataProvider" name="test1" time="0.696"/>
  <system-out/>
  <testcase classname="utils.ExcelDataProvider" name="test1" time="0.668"/>
  <system-out/>
</testsuite> <!-- utils.ExcelDataProvider -->
