<?xml version="1.0" encoding="UTF-8"?>
<!-- Generated by org.testng.reporters.JUnitReportReporter -->
<testsuite hostname="DESKTOP-DO9NL9S" failures="0" tests="2" name="test.TestNGIgnoreDemo" time="0.000" errors="0" timestamp="2020-06-02T22:04:44 IST" skipped="2">
  <testcase classname="test.TestNGIgnoreDemo" name="test2" time="0.000">
    <skipped/>
  </testcase> <!-- test2 -->
  <system-out/>
  <testcase classname="test.TestNGIgnoreDemo" name="test1">
    <skipped/>
  </testcase> <!-- test1 -->
  <system-out/>
</testsuite> <!-- test.TestNGIgnoreDemo -->
