<?xml version="1.0" encoding="UTF-8"?>
<!-- Generated by org.testng.reporters.JUnitReportReporter -->
<testsuite hostname="DESKTOP-DO9NL9S" failures="0" tests="4" name="test.TestNGGroupsDemo" time="0.001" errors="0" timestamp="2020-06-02T22:04:44 IST" skipped="4">
  <testcase classname="test.TestNGGroupsDemo" name="test1" time="0.000">
    <skipped/>
  </testcase> <!-- test1 -->
  <system-out/>
  <testcase classname="test.TestNGGroupsDemo" name="test4" time="0.000">
    <skipped/>
  </testcase> <!-- test4 -->
  <system-out/>
  <testcase classname="test.TestNGGroupsDemo" name="test2" time="0.000">
    <skipped/>
  </testcase> <!-- test2 -->
  <system-out/>
  <testcase classname="test.TestNGGroupsDemo" name="test3" time="0.001">
    <skipped/>
  </testcase> <!-- test3 -->
  <system-out/>
</testsuite> <!-- test.TestNGGroupsDemo -->
