<?xml version="1.0" encoding="UTF-8"?>
<!-- Generated by org.testng.reporters.JUnitReportReporter -->
<testsuite hostname="DESKTOP-DO9NL9S" failures="0" tests="1" name="test.TestNGParametersDemo" time="0.020" errors="0" timestamp="2020-06-05T20:08:56 IST" skipped="0">
  <testcase classname="test.TestNGParametersDemo" name="test" time="0.020"/>
  <system-out/>
</testsuite> <!-- test.TestNGParametersDemo -->
