<?xml version="1.0" encoding="UTF-8"?>
<!-- Generated by org.testng.reporters.JUnitReportReporter -->
<testsuite hostname="DESKTOP-DO9NL9S" failures="0" tests="3" name="test.TestNGFailedRetryDemo" time="0.000" errors="0" timestamp="2020-06-02T22:04:44 IST" skipped="3">
  <testcase classname="test.TestNGFailedRetryDemo" name="test2" time="0.000">
    <skipped/>
  </testcase> <!-- test2 -->
  <system-out/>
  <testcase classname="test.TestNGFailedRetryDemo" name="test1" time="0.000">
    <skipped/>
  </testcase> <!-- test1 -->
  <system-out/>
  <testcase classname="test.TestNGFailedRetryDemo" name="test3" time="0.000">
    <skipped/>
  </testcase> <!-- test3 -->
  <system-out/>
</testsuite> <!-- test.TestNGFailedRetryDemo -->
