<?xml version="1.0" encoding="UTF-8"?>
<!-- Generated by org.testng.reporters.JUnitReportReporter -->
<testsuite hostname="DESKTOP-DO9NL9S" failures="0" tests="3" name="listeners.TestNGListenersDemo2" time="0.011" errors="0" timestamp="2020-06-01T20:25:02 IST" skipped="1">
  <testcase classname="listeners.TestNGListenersDemo2" name="test6" time="0.004">
    <skipped/>
  </testcase> <!-- test6 -->
  <system-out/>
  <testcase classname="listeners.TestNGListenersDemo2" name="test4" time="0.002"/>
  <system-out/>
  <testcase classname="listeners.TestNGListenersDemo2" name="test5" time="0.005"/>
  <system-out/>
</testsuite> <!-- listeners.TestNGListenersDemo2 -->
