<?xml version="1.0" encoding="UTF-8"?>
<!-- Generated by org.testng.reporters.JUnitReportReporter -->
<testsuite hostname="DESKTOP-DO9NL9S" failures="0" tests="1" name="multibrowser.TestNGMultibrowserDemo" time="4.062" errors="0" timestamp="2020-06-05T20:20:27 IST" skipped="0">
  <testcase classname="multibrowser.TestNGMultibrowserDemo" name="test" time="4.062"/>
  <system-out/>
</testsuite> <!-- multibrowser.TestNGMultibrowserDemo -->
