<?xml version="1.0" encoding="UTF-8"?>
<!-- Generated by org.testng.reporters.JUnitReportReporter -->
<testsuite hostname="DESKTOP-DO9NL9S" failures="0" tests="4" name="test.TestNGGroupsDemo" time="0.018" errors="0" timestamp="2020-06-05T17:46:16 IST" skipped="0">
  <testcase classname="test.TestNGGroupsDemo" name="test4" time="0.003"/>
  <system-out/>
  <testcase classname="test.TestNGGroupsDemo" name="test1" time="0.010"/>
  <system-out/>
  <testcase classname="test.TestNGGroupsDemo" name="test3" time="0.003"/>
  <system-out/>
  <testcase classname="test.TestNGGroupsDemo" name="test2" time="0.002"/>
  <system-out/>
</testsuite> <!-- test.TestNGGroupsDemo -->
