<?xml version="1.0" encoding="UTF-8"?>
<!-- Generated by org.testng.reporters.JUnitReportReporter -->
<testsuite hostname="DESKTOP-DO9NL9S" failures="0" tests="3" name="multibrowser.TestNGMultibrowserDemo" time="68.868" errors="0" timestamp="2020-06-01T22:22:01 IST" skipped="0">
  <testcase classname="multibrowser.TestNGMultibrowserDemo" name="test" time="11.526"/>
  <system-out/>
  <testcase classname="multibrowser.TestNGMultibrowserDemo" name="test" time="53.290"/>
  <system-out/>
  <testcase classname="multibrowser.TestNGMultibrowserDemo" name="test" time="4.052"/>
  <system-out/>
</testsuite> <!-- multibrowser.TestNGMultibrowserDemo -->
